# JRE version: OpenJDK Runtime Environment (22.0+36) (build 22+36-2370)
# Java VM: OpenJDK 64-Bit Server VM (22+36-2370, mixed mode, sharing, tiered, compressed oops, compressed class ptrs, g1 gc, windows-amd64)
GC Precious Log:
 CardTable entry size: 512
 Card Set container configuration: InlinePtr #cards 5 size 8 Array Of Cards #cards 12 size 40 Howl #buckets 4 coarsen threshold 1843 Howl Bitmap #cards 512 size 80 coarsen threshold 460 Card regions per heap region 1 cards per card region 2048
 CPUs: 8 total, 8 available
 Memory: 6091M
 Large Page Support: Disabled
 NUMA Support: Disabled
 Compressed Oops: Enabled (32-bit)
 Heap Region Size: 1M
 Heap Min Capacity: 8M
 Heap Initial Capacity: 96M
 Heap Max Capacity: 1524M
 Pre-touch: Disabled
 Parallel Workers: 8
 Concurrent Workers: 2
 Concurrent Refinement Workers: 8
 Periodic GC: Disabled
Heap:
 garbage-first heap   total reserved 1560576K, committed 61440K, used 35505K [0x00000000a0c00000, 0x0000000100000000)
  region size 1024K, 3 young (3072K), 1 survivors (1024K)
 Metaspace       used 79157K, committed 80000K, reserved 1179648K
  class space    used 10619K, committed 11008K, reserved 1048576K
GC Heap History (20 events):
Event: 75.572 GC heap before
{Heap before GC invocations=34 (full 0):
 garbage-first heap   total reserved 1560576K, committed 61440K, used 55090K [0x00000000a0c00000, 0x0000000100000000)
  region size 1024K, 22 young (22528K), 1 survivors (1024K)
 Metaspace       used 78569K, committed 79424K, reserved 1179648K
  class space    used 10530K, committed 10944K, reserved 1048576K
}
Event: 75.574 GC heap after
{Heap after GC invocations=35 (full 0):
 garbage-first heap   total reserved 1560576K, committed 61440K, used 34608K [0x00000000a0c00000, 0x0000000100000000)
  region size 1024K, 1 young (1024K), 1 survivors (1024K)
 Metaspace       used 78569K, committed 79424K, reserved 1179648K
  class space    used 10530K, committed 10944K, reserved 1048576K
}
Event: 81.210 GC heap before
{Heap before GC invocations=35 (full 0):
 garbage-first heap   total reserved 1560576K, committed 61440K, used 55088K [0x00000000a0c00000, 0x0000000100000000)
  region size 1024K, 22 young (22528K), 1 survivors (1024K)
 Metaspace       used 78576K, committed 79424K, reserved 1179648K
  class space    used 10530K, committed 10944K, reserved 1048576K
}
Event: 81.214 GC heap after
{Heap after GC invocations=36 (full 0):
 garbage-first heap   total reserved 1560576K, committed 61440K, used 34229K [0x00000000a0c00000, 0x0000000100000000)
  region size 1024K, 1 young (1024K), 1 survivors (1024K)
 Metaspace       used 78576K, committed 79424K, reserved 1179648K
  class space    used 10530K, committed 10944K, reserved 1048576K
}
Event: 85.135 GC heap before
{Heap before GC invocations=36 (full 0):
 garbage-first heap   total reserved 1560576K, committed 61440K, used 55733K [0x00000000a0c00000, 0x0000000100000000)
  region size 1024K, 23 young (23552K), 1 survivors (1024K)
 Metaspace       used 78577K, committed 79424K, reserved 1179648K
  class space    used 10530K, committed 10944K, reserved 1048576K
}
Event: 85.139 GC heap after
{Heap after GC invocations=37 (full 0):
 garbage-first heap   total reserved 1560576K, committed 61440K, used 34219K [0x00000000a0c00000, 0x0000000100000000)
  region size 1024K, 1 young (1024K), 1 survivors (1024K)
 Metaspace       used 78577K, committed 79424K, reserved 1179648K
  class space    used 10530K, committed 10944K, reserved 1048576K
}
Event: 90.733 GC heap before
{Heap before GC invocations=38 (full 0):
 garbage-first heap   total reserved 1560576K, committed 61440K, used 55723K [0x00000000a0c00000, 0x0000000100000000)
  region size 1024K, 23 young (23552K), 1 survivors (1024K)
 Metaspace       used 78590K, committed 79424K, reserved 1179648K
  class space    used 10531K, committed 10944K, reserved 1048576K
}
Event: 90.736 GC heap after
{Heap after GC invocations=39 (full 0):
 garbage-first heap   total reserved 1560576K, committed 61440K, used 34221K [0x00000000a0c00000, 0x0000000100000000)
  region size 1024K, 1 young (1024K), 1 survivors (1024K)
 Metaspace       used 78590K, committed 79424K, reserved 1179648K
  class space    used 10531K, committed 10944K, reserved 1048576K
}
Event: 95.549 GC heap before
{Heap before GC invocations=39 (full 0):
 garbage-first heap   total reserved 1560576K, committed 61440K, used 56749K [0x00000000a0c00000, 0x0000000100000000)
  region size 1024K, 23 young (23552K), 1 survivors (1024K)
 Metaspace       used 78595K, committed 79424K, reserved 1179648K
  class space    used 10531K, committed 10944K, reserved 1048576K
}
Event: 95.552 GC heap after
{Heap after GC invocations=40 (full 0):
 garbage-first heap   total reserved 1560576K, committed 61440K, used 34047K [0x00000000a0c00000, 0x0000000100000000)
  region size 1024K, 1 young (1024K), 1 survivors (1024K)
 Metaspace       used 78595K, committed 79424K, reserved 1179648K
  class space    used 10531K, committed 10944K, reserved 1048576K
}
Event: 99.361 GC heap before
{Heap before GC invocations=40 (full 0):
 garbage-first heap   total reserved 1560576K, committed 61440K, used 55551K [0x00000000a0c00000, 0x0000000100000000)
  region size 1024K, 23 young (23552K), 1 survivors (1024K)
 Metaspace       used 78595K, committed 79424K, reserved 1179648K
  class space    used 10531K, committed 10944K, reserved 1048576K
}
Event: 99.365 GC heap after
{Heap after GC invocations=41 (full 0):
 garbage-first heap   total reserved 1560576K, committed 61440K, used 34133K [0x00000000a0c00000, 0x0000000100000000)
  region size 1024K, 1 young (1024K), 1 survivors (1024K)
 Metaspace       used 78595K, committed 79424K, reserved 1179648K
  class space    used 10531K, committed 10944K, reserved 1048576K
}
Event: 104.034 GC heap before
{Heap before GC invocations=42 (full 0):
 garbage-first heap   total reserved 1560576K, committed 61440K, used 56661K [0x00000000a0c00000, 0x0000000100000000)
  region size 1024K, 23 young (23552K), 1 survivors (1024K)
 Metaspace       used 78596K, committed 79424K, reserved 1179648K
  class space    used 10531K, committed 10944K, reserved 1048576K
}
Event: 104.037 GC heap after
{Heap after GC invocations=43 (full 0):
 garbage-first heap   total reserved 1560576K, committed 61440K, used 34076K [0x00000000a0c00000, 0x0000000100000000)
  region size 1024K, 1 young (1024K), 1 survivors (1024K)
 Metaspace       used 78596K, committed 79424K, reserved 1179648K
  class space    used 10531K, committed 10944K, reserved 1048576K
}
Event: 107.821 GC heap before
{Heap before GC invocations=43 (full 0):
 garbage-first heap   total reserved 1560576K, committed 61440K, used 56604K [0x00000000a0c00000, 0x0000000100000000)
  region size 1024K, 23 young (23552K), 1 survivors (1024K)
 Metaspace       used 78598K, committed 79424K, reserved 1179648K
  class space    used 10531K, committed 10944K, reserved 1048576K
}
Event: 107.825 GC heap after
{Heap after GC invocations=44 (full 0):
 garbage-first heap   total reserved 1560576K, committed 61440K, used 33910K [0x00000000a0c00000, 0x0000000100000000)
  region size 1024K, 1 young (1024K), 1 survivors (1024K)
 Metaspace       used 78598K, committed 79424K, reserved 1179648K
  class space    used 10531K, committed 10944K, reserved 1048576K
}
Event: 111.864 GC heap before
{Heap before GC invocations=44 (full 0):
 garbage-first heap   total reserved 1560576K, committed 61440K, used 55414K [0x00000000a0c00000, 0x0000000100000000)
  region size 1024K, 23 young (23552K), 1 survivors (1024K)
 Metaspace       used 78598K, committed 79424K, reserved 1179648K
  class space    used 10531K, committed 10944K, reserved 1048576K
}
Event: 111.867 GC heap after
{Heap after GC invocations=45 (full 0):
 garbage-first heap   total reserved 1560576K, committed 61440K, used 33938K [0x00000000a0c00000, 0x0000000100000000)
  region size 1024K, 1 young (1024K), 1 survivors (1024K)
 Metaspace       used 78598K, committed 79424K, reserved 1179648K
  class space    used 10531K, committed 10944K, reserved 1048576K
}
Event: 129.355 GC heap before
{Heap before GC invocations=46 (full 0):
 garbage-first heap   total reserved 1560576K, committed 61440K, used 55442K [0x00000000a0c00000, 0x0000000100000000)
  region size 1024K, 23 young (23552K), 1 survivors (1024K)
 Metaspace       used 78617K, committed 79424K, reserved 1179648K
  class space    used 10531K, committed 10944K, reserved 1048576K
}
Event: 129.357 GC heap after
{Heap after GC invocations=47 (full 0):
 garbage-first heap   total reserved 1560576K, committed 61440K, used 34104K [0x00000000a0c00000, 0x0000000100000000)
  region size 1024K, 1 young (1024K), 1 survivors (1024K)
 Metaspace       used 78617K, committed 79424K, reserved 1179648K
  class space    used 10531K, committed 10944K, reserved 1048576K
}

