# JRE version: OpenJDK Runtime Environment (22.0+36) (build 22+36-2370)
# Java VM: OpenJDK 64-Bit Server VM (22+36-2370, mixed mode, sharing, tiered, compressed oops, compressed class ptrs, g1 gc, windows-amd64)
GC Precious Log:
 CardTable entry size: 512
 Card Set container configuration: InlinePtr #cards 5 size 8 Array Of Cards #cards 12 size 40 Howl #buckets 4 coarsen threshold 1843 Howl Bitmap #cards 512 size 80 coarsen threshold 460 Card regions per heap region 1 cards per card region 2048
 CPUs: 8 total, 8 available
 Memory: 6091M
 Large Page Support: Disabled
 NUMA Support: Disabled
 Compressed Oops: Enabled (32-bit)
 Heap Region Size: 1M
 Heap Min Capacity: 8M
 Heap Initial Capacity: 96M
 Heap Max Capacity: 1524M
 Pre-touch: Disabled
 Parallel Workers: 8
 Concurrent Workers: 2
 Concurrent Refinement Workers: 8
 Periodic GC: Disabled
Heap:
 garbage-first heap   total reserved 1560576K, committed 60416K, used 36810K [0x00000000a0c00000, 0x0000000100000000)
  region size 1024K, 4 young (4096K), 1 survivors (1024K)
 Metaspace       used 78477K, committed 79296K, reserved 1179648K
  class space    used 10717K, committed 11072K, reserved 1048576K
GC Heap History (20 events):
Event: 22.105 GC heap before
{Heap before GC invocations=15 (full 0):
 garbage-first heap   total reserved 1560576K, committed 45056K, used 38223K [0x00000000a0c00000, 0x0000000100000000)
  region size 1024K, 15 young (15360K), 2 survivors (2048K)
 Metaspace       used 61422K, committed 62144K, reserved 1114112K
  class space    used 8238K, committed 8576K, reserved 1048576K
}
Event: 22.112 GC heap after
{Heap after GC invocations=16 (full 0):
 garbage-first heap   total reserved 1560576K, committed 45056K, used 26364K [0x00000000a0c00000, 0x0000000100000000)
  region size 1024K, 2 young (2048K), 2 survivors (2048K)
 Metaspace       used 61422K, committed 62144K, reserved 1114112K
  class space    used 8238K, committed 8576K, reserved 1048576K
}
Event: 23.224 GC heap before
{Heap before GC invocations=17 (full 0):
 garbage-first heap   total reserved 1560576K, committed 45056K, used 39676K [0x00000000a0c00000, 0x0000000100000000)
  region size 1024K, 15 young (15360K), 2 survivors (2048K)
 Metaspace       used 64096K, committed 64832K, reserved 1114112K
  class space    used 8645K, committed 8960K, reserved 1048576K
}
Event: 23.234 GC heap after
{Heap after GC invocations=18 (full 0):
 garbage-first heap   total reserved 1560576K, committed 45056K, used 27793K [0x00000000a0c00000, 0x0000000100000000)
  region size 1024K, 2 young (2048K), 2 survivors (2048K)
 Metaspace       used 64096K, committed 64832K, reserved 1114112K
  class space    used 8645K, committed 8960K, reserved 1048576K
}
Event: 24.046 GC heap before
{Heap before GC invocations=18 (full 0):
 garbage-first heap   total reserved 1560576K, committed 45056K, used 39057K [0x00000000a0c00000, 0x0000000100000000)
  region size 1024K, 13 young (13312K), 2 survivors (2048K)
 Metaspace       used 66078K, committed 66752K, reserved 1114112K
  class space    used 8989K, committed 9280K, reserved 1048576K
}
Event: 24.050 GC heap after
{Heap after GC invocations=19 (full 0):
 garbage-first heap   total reserved 1560576K, committed 45056K, used 28739K [0x00000000a0c00000, 0x0000000100000000)
  region size 1024K, 2 young (2048K), 2 survivors (2048K)
 Metaspace       used 66078K, committed 66752K, reserved 1114112K
  class space    used 8989K, committed 9280K, reserved 1048576K
}
Event: 24.531 GC heap before
{Heap before GC invocations=19 (full 0):
 garbage-first heap   total reserved 1560576K, committed 45056K, used 38979K [0x00000000a0c00000, 0x0000000100000000)
  region size 1024K, 12 young (12288K), 2 survivors (2048K)
 Metaspace       used 67368K, committed 68096K, reserved 1114112K
  class space    used 9308K, committed 9600K, reserved 1048576K
}
Event: 24.535 GC heap after
{Heap after GC invocations=20 (full 0):
 garbage-first heap   total reserved 1560576K, committed 45056K, used 29676K [0x00000000a0c00000, 0x0000000100000000)
  region size 1024K, 2 young (2048K), 2 survivors (2048K)
 Metaspace       used 67368K, committed 68096K, reserved 1114112K
  class space    used 9308K, committed 9600K, reserved 1048576K
}
Event: 24.931 GC heap before
{Heap before GC invocations=21 (full 0):
 garbage-first heap   total reserved 1560576K, committed 50176K, used 39916K [0x00000000a0c00000, 0x0000000100000000)
  region size 1024K, 12 young (12288K), 2 survivors (2048K)
 Metaspace       used 68935K, committed 69696K, reserved 1114112K
  class space    used 9527K, committed 9856K, reserved 1048576K
}
Event: 24.940 GC heap after
{Heap after GC invocations=22 (full 0):
 garbage-first heap   total reserved 1560576K, committed 50176K, used 30417K [0x00000000a0c00000, 0x0000000100000000)
  region size 1024K, 2 young (2048K), 2 survivors (2048K)
 Metaspace       used 68935K, committed 69696K, reserved 1114112K
  class space    used 9527K, committed 9856K, reserved 1048576K
}
Event: 25.649 GC heap before
{Heap before GC invocations=22 (full 0):
 garbage-first heap   total reserved 1560576K, committed 50176K, used 44753K [0x00000000a0c00000, 0x0000000100000000)
  region size 1024K, 16 young (16384K), 2 survivors (2048K)
 Metaspace       used 70580K, committed 71296K, reserved 1114112K
  class space    used 9763K, committed 10048K, reserved 1048576K
}
Event: 25.655 GC heap after
{Heap after GC invocations=23 (full 0):
 garbage-first heap   total reserved 1560576K, committed 50176K, used 31692K [0x00000000a0c00000, 0x0000000100000000)
  region size 1024K, 2 young (2048K), 2 survivors (2048K)
 Metaspace       used 70580K, committed 71296K, reserved 1114112K
  class space    used 9763K, committed 10048K, reserved 1048576K
}
Event: 64.779 GC heap before
{Heap before GC invocations=23 (full 0):
 garbage-first heap   total reserved 1560576K, committed 50176K, used 43980K [0x00000000a0c00000, 0x0000000100000000)
  region size 1024K, 15 young (15360K), 2 survivors (2048K)
 Metaspace       used 72442K, committed 73152K, reserved 1114112K
  class space    used 10014K, committed 10304K, reserved 1048576K
}
Event: 64.815 GC heap after
{Heap after GC invocations=24 (full 0):
 garbage-first heap   total reserved 1560576K, committed 50176K, used 33052K [0x00000000a0c00000, 0x0000000100000000)
  region size 1024K, 2 young (2048K), 2 survivors (2048K)
 Metaspace       used 72442K, committed 73152K, reserved 1114112K
  class space    used 10014K, committed 10304K, reserved 1048576K
}
Event: 68.189 GC heap before
{Heap before GC invocations=25 (full 0):
 garbage-first heap   total reserved 1560576K, committed 56320K, used 42268K [0x00000000a0c00000, 0x0000000100000000)
  region size 1024K, 12 young (12288K), 2 survivors (2048K)
 Metaspace       used 75403K, committed 76160K, reserved 1114112K
  class space    used 10430K, committed 10752K, reserved 1048576K
}
Event: 68.195 GC heap after
{Heap after GC invocations=26 (full 0):
 garbage-first heap   total reserved 1560576K, committed 56320K, used 33876K [0x00000000a0c00000, 0x0000000100000000)
  region size 1024K, 1 young (1024K), 1 survivors (1024K)
 Metaspace       used 75403K, committed 76160K, reserved 1114112K
  class space    used 10430K, committed 10752K, reserved 1048576K
}
Event: 76.016 GC heap before
{Heap before GC invocations=26 (full 0):
 garbage-first heap   total reserved 1560576K, committed 56320K, used 49236K [0x00000000a0c00000, 0x0000000100000000)
  region size 1024K, 17 young (17408K), 1 survivors (1024K)
 Metaspace       used 77866K, committed 78656K, reserved 1179648K
  class space    used 10638K, committed 11008K, reserved 1048576K
}
Event: 76.027 GC heap after
{Heap after GC invocations=27 (full 0):
 garbage-first heap   total reserved 1560576K, committed 56320K, used 34888K [0x00000000a0c00000, 0x0000000100000000)
  region size 1024K, 2 young (2048K), 2 survivors (2048K)
 Metaspace       used 77866K, committed 78656K, reserved 1179648K
  class space    used 10638K, committed 11008K, reserved 1048576K
}
Event: 90.617 GC heap before
{Heap before GC invocations=27 (full 0):
 garbage-first heap   total reserved 1560576K, committed 56320K, used 48200K [0x00000000a0c00000, 0x0000000100000000)
  region size 1024K, 16 young (16384K), 2 survivors (2048K)
 Metaspace       used 78474K, committed 79296K, reserved 1179648K
  class space    used 10717K, committed 11072K, reserved 1048576K
}
Event: 90.639 GC heap after
{Heap after GC invocations=28 (full 0):
 garbage-first heap   total reserved 1560576K, committed 56320K, used 35786K [0x00000000a0c00000, 0x0000000100000000)
  region size 1024K, 1 young (1024K), 1 survivors (1024K)
 Metaspace       used 78474K, committed 79296K, reserved 1179648K
  class space    used 10717K, committed 11072K, reserved 1048576K
}

